<?xml version="1.0" encoding="UTF-8" standalone="no"?><testsuite errors="0" failures="3" name="Home Page" skipped="0" tests="4" time="17.37" timestamp="2022-05-31 09:59:30"><testcase name="Header elements are present"/><testcase name="Products page"><failure message="[Title does not contain expected text] &#13;&#10;Expecting:&#13;&#10; &lt;&quot;Single Page Application&quot;&gt;&#13;&#10;to contain:&#13;&#10; &lt;&quot;Products&quot;&gt; " type="java.lang.AssertionError">[Title does not contain expected text] &#13;
Expecting:&#13;
 &lt;"Single Page Application"&gt;&#13;
to contain:&#13;
 &lt;"Products"&gt; </failure><system-err>[Title does not contain expected text] &#13;
Expecting:&#13;
 &lt;"Single Page Application"&gt;&#13;
to contain:&#13;
 &lt;"Products"&gt; &#13;
functionaltests.stepdefinitions.CommonSteps.theTitleOfThePageContainsTheWordProducts(CommonSteps.java:59)&#13;
✽.the title of the page contains the word 'Products'(file:///D:/PROG/repo/GitHub/abna/src/test/resources/features/HomePage.feature:18)&#13;
</system-err></testcase><testcase name="Contact page"><failure message="[Title does not contain expected text] &#13;&#10;Expecting:&#13;&#10; &lt;&quot;Single Page Application&quot;&gt;&#13;&#10;to contain:&#13;&#10; &lt;&quot;Contact&quot;&gt; " type="java.lang.AssertionError">[Title does not contain expected text] &#13;
Expecting:&#13;
 &lt;"Single Page Application"&gt;&#13;
to contain:&#13;
 &lt;"Contact"&gt; </failure><system-err>[Title does not contain expected text] &#13;
Expecting:&#13;
 &lt;"Single Page Application"&gt;&#13;
to contain:&#13;
 &lt;"Contact"&gt; &#13;
functionaltests.stepdefinitions.CommonSteps.theTitleOfThePageContainsTheWordProducts(CommonSteps.java:59)&#13;
✽.the title of the page contains the word 'Contact'(file:///D:/PROG/repo/GitHub/abna/src/test/resources/features/HomePage.feature:24)&#13;
</system-err></testcase><testcase name="Header navigation through sections"><failure message="[Title does not contain expected text] &#13;&#10;Expecting:&#13;&#10; &lt;&quot;Single Page Application&quot;&gt;&#13;&#10;to contain:&#13;&#10; &lt;&quot;Products&quot;&gt; " type="java.lang.AssertionError">[Title does not contain expected text] &#13;
Expecting:&#13;
 &lt;"Single Page Application"&gt;&#13;
to contain:&#13;
 &lt;"Products"&gt; </failure><system-err>[Title does not contain expected text] &#13;
Expecting:&#13;
 &lt;"Single Page Application"&gt;&#13;
to contain:&#13;
 &lt;"Products"&gt; &#13;
functionaltests.stepdefinitions.CommonSteps.theTitleOfThePageContainsTheWordProducts(CommonSteps.java:59)&#13;
✽.the title of the page contains the word 'Products'(file:///D:/PROG/repo/GitHub/abna/src/test/resources/features/HomePage.feature:30)&#13;
</system-err></testcase></testsuite>